Unable to resolve imports:
      "../../../src/core/PriceOracle.sol" in "/Users/valery/Projects/Pets/skill-demo-contracts/test/unit/oracle/PriceOracleTest.t.sol"
      "../../../src/mocks/MockPriceFeed.sol" in "/Users/valery/Projects/Pets/skill-demo-contracts/test/unit/oracle/PriceOracleTest.t.sol"
      "../../../src/interfaces/IPriceOracle.sol" in "/Users/valery/Projects/Pets/skill-demo-contracts/test/unit/oracle/PriceOracleTest.t.sol"
with remappings:
      @openzeppelin/contracts/=/Users/valery/Projects/Pets/skill-demo-contracts/lib/openzeppelin-contracts/contracts/
      erc4626-tests/=/Users/valery/Projects/Pets/skill-demo-contracts/lib/openzeppelin-contracts/lib/erc4626-tests/
      forge-std/=/Users/valery/Projects/Pets/skill-demo-contracts/lib/openzeppelin-contracts/lib/forge-std/src/
      halmos-cheatcodes/=/Users/valery/Projects/Pets/skill-demo-contracts/lib/openzeppelin-contracts/lib/halmos-cheatcodes/src/
      openzeppelin-contracts/=/Users/valery/Projects/Pets/skill-demo-contracts/lib/openzeppelin-contracts/
Compiling 41 files with Solc 0.8.28
Solc 0.8.28 finished in 129.54ms
Error: 
Compiler run failed:
Error (6275): Source "src/core/PriceOracle.sol" not found: File not found. Searched the following locations: "/Users/valery/Projects/Pets/skill-demo-contracts".
ParserError: Source "src/core/PriceOracle.sol" not found: File not found. Searched the following locations: "/Users/valery/Projects/Pets/skill-demo-contracts".
 --> test/unit/oracle/PriceOracleTest.t.sol:5:1:
  |
5 | import {PriceOracle} from "../../../src/core/PriceOracle.sol";
  | ^^^^^^^^^^^^^^^^^^^^^^^^^^^^^^^^^^^^^^^^^^^^^^^^^^^^^^^^^^^^^^

Error (6275): Source "src/mocks/MockPriceFeed.sol" not found: File not found. Searched the following locations: "/Users/valery/Projects/Pets/skill-demo-contracts".
ParserError: Source "src/mocks/MockPriceFeed.sol" not found: File not found. Searched the following locations: "/Users/valery/Projects/Pets/skill-demo-contracts".
 --> test/unit/oracle/PriceOracleTest.t.sol:6:1:
  |
6 | import {MockPriceFeed} from "../../../src/mocks/MockPriceFeed.sol";
  | ^^^^^^^^^^^^^^^^^^^^^^^^^^^^^^^^^^^^^^^^^^^^^^^^^^^^^^^^^^^^^^^^^^^

Error (6275): Source "src/interfaces/IPriceOracle.sol" not found: File not found. Searched the following locations: "/Users/valery/Projects/Pets/skill-demo-contracts".
ParserError: Source "src/interfaces/IPriceOracle.sol" not found: File not found. Searched the following locations: "/Users/valery/Projects/Pets/skill-demo-contracts".
 --> test/unit/oracle/PriceOracleTest.t.sol:8:1:
  |
8 | import {IPriceOracle} from "../../../src/interfaces/IPriceOracle.sol";
  | ^^^^^^^^^^^^^^^^^^^^^^^^^^^^^^^^^^^^^^^^^^^^^^^^^^^^^^^^^^^^^^^^^^^^^^

